<?xml version="1.0" encoding="UTF-8"?>
<!-- Generated by org.testng.reporters.JUnitXMLReporter -->
<testsuite hostname="SajinaSanoop" ignored="0" name="Command line test" tests="6" failures="0" timestamp="2019-02-05T11:32:29 AEDT" time="0.111" errors="0">
  <testcase name="iosApps" time="0.017" classname="MyProject.AppiumTest"/>
  <testcase name="nativeAppAndroid" time="0.0" classname="MyProject.AppiumTest"/>
  <testcase name="deleteTwitter" time="0.0" classname="MyProject.RESTAPITest"/>
  <testcase name="postJira" time="0.0" classname="MyProject.RESTAPITest"/>
  <testcase name="browserAutomation" time="0.0" classname="MyProject.SeleniumTest"/>
  <testcase name="elementsUI" time="0.0" classname="MyProject.SeleniumTest"/>
</testsuite> <!-- Command line test -->
