<?xml version="1.0" encoding="UTF-8"?>
<!-- Generated by org.testng.reporters.JUnitXMLReporter -->
<testsuite ignored="0" hostname="SajinaSanoop" failures="0" tests="4" name="Test" time="0.08" errors="0" timestamp="2019-02-04T13:21:14 AEDT">
  <testcase classname="MyProject.SeleniumTest" name="browserAutomation" time="0.011"/>
  <testcase classname="MyProject.SeleniumTest" name="elementsUI" time="0.0"/>
  <testcase classname="MyProject.RESTAPITest" name="deleteTwitter" time="0.002"/>
  <testcase classname="MyProject.RESTAPITest" name="postJira" time="0.002"/>
</testsuite> <!-- Test -->
