<?xml version="1.0" encoding="UTF-8"?>
<testng-results skipped="0" failed="0" ignored="0" total="6" passed="6">
  <reporter-output>
  </reporter-output>
  <suite name="Command line suite" duration-ms="111" started-at="2019-02-05T11:32:28 AEDT" finished-at="2019-02-05T11:32:29 AEDT">
    <groups>
    </groups>
    <test name="Command line test" duration-ms="111" started-at="2019-02-05T11:32:28 AEDT" finished-at="2019-02-05T11:32:29 AEDT">
      <class name="MyProject.RESTAPITest">
        <test-method status="PASS" signature="postJira()[pri:0, instance:MyProject.RESTAPITest@14acaea5]" name="postJira" duration-ms="0" started-at="2019-02-05T11:32:29 AEDT" finished-at="2019-02-05T11:32:29 AEDT">
          <reporter-output>
          </reporter-output>
        </test-method> <!-- postJira -->
        <test-method status="PASS" signature="deleteTwitter()[pri:0, instance:MyProject.RESTAPITest@14acaea5]" name="deleteTwitter" duration-ms="0" started-at="2019-02-05T11:32:29 AEDT" finished-at="2019-02-05T11:32:29 AEDT">
          <reporter-output>
          </reporter-output>
        </test-method> <!-- deleteTwitter -->
      </class> <!-- MyProject.RESTAPITest -->
      <class name="MyProject.AppiumTest">
        <test-method status="PASS" signature="iosApps()[pri:0, instance:MyProject.AppiumTest@224edc67]" name="iosApps" duration-ms="17" started-at="2019-02-05T11:32:29 AEDT" finished-at="2019-02-05T11:32:29 AEDT">
          <reporter-output>
          </reporter-output>
        </test-method> <!-- iosApps -->
        <test-method status="PASS" signature="nativeAppAndroid()[pri:0, instance:MyProject.AppiumTest@224edc67]" name="nativeAppAndroid" duration-ms="0" started-at="2019-02-05T11:32:29 AEDT" finished-at="2019-02-05T11:32:29 AEDT">
          <reporter-output>
          </reporter-output>
        </test-method> <!-- nativeAppAndroid -->
      </class> <!-- MyProject.AppiumTest -->
      <class name="MyProject.SeleniumTest">
        <test-method status="PASS" signature="browserAutomation()[pri:0, instance:MyProject.SeleniumTest@46d56d67]" name="browserAutomation" duration-ms="0" started-at="2019-02-05T11:32:29 AEDT" finished-at="2019-02-05T11:32:29 AEDT">
          <reporter-output>
          </reporter-output>
        </test-method> <!-- browserAutomation -->
        <test-method status="PASS" signature="elementsUI()[pri:0, instance:MyProject.SeleniumTest@46d56d67]" name="elementsUI" duration-ms="0" started-at="2019-02-05T11:32:29 AEDT" finished-at="2019-02-05T11:32:29 AEDT">
          <reporter-output>
          </reporter-output>
        </test-method> <!-- elementsUI -->
      </class> <!-- MyProject.SeleniumTest -->
    </test> <!-- Command line test -->
  </suite> <!-- Command line suite -->
</testng-results>
